<?xml version="1.0" encoding="UTF-8"?>
<!-- Generated by org.testng.reporters.JUnitReportReporter -->
<testsuite hostname="DESKTOP-96VUGJQ" failures="0" tests="1" name="TestRunner.Runner" time="19.252" errors="1" timestamp="2023-09-24T17:34:19 CEST" skipped="0">
  <testcase classname="TestRunner.Runner" name="runScenario" time="19.252">
    <error message="element click intercepted: Element &lt;button _ngcontent-ng-c1784957809=&quot;&quot; ry-button=&quot;&quot; color=&quot;gradient-yellow&quot; class=&quot;passenger-carousel__cta passenger-carousel__cta--next ry-button--gradient-yellow&quot; _nghost-ng-c414200528=&quot;&quot; data-ref=&quot;seats-action__button-next&quot;&gt;...&lt;/button&gt; is not clickable at point (1444, 507). Other element would receive the click: &lt;ry-overlay _ngcontent-ng-c866520027=&quot;&quot; _nghost-ng-c2471414826=&quot;&quot;&gt;&lt;/ry-overlay&gt;
  (Session info: chrome=117.0.5938.92)
Build info: version: &#039;4.12.1&#039;, revision: &#039;8e34639b11&#039;
System info: os.name: &#039;Windows 10&#039;, os.arch: &#039;amd64&#039;, os.version: &#039;10.0&#039;, java.version: &#039;20.0.2&#039;
Driver info: org.openqa.selenium.chrome.ChromeDriver
Command: [e547f79aa0573b96df839f7c1e5483f0, clickElement {id=48F06C1A1B291E5BFD8175A8354806C9_element_564}]
Capabilities {acceptInsecureCerts: false, browserName: chrome, browserVersion: 117.0.5938.92, chrome: {chromedriverVersion: 117.0.5938.92 (67649b10b92b..., userDataDir: C:\Users\Elia\AppData\Local...}, fedcm:accounts: true, goog:chromeOptions: {debuggerAddress: localhost:53542}, networkConnectionEnabled: false, pageLoadStrategy: normal, platformName: windows, proxy: Proxy(), se:cdp: ws://localhost:53542/devtoo..., se:cdpVersion: 117.0.5938.92, setWindowRect: true, strictFileInteractability: false, timeouts: {implicit: 0, pageLoad: 300000, script: 30000}, unhandledPromptBehavior: dismiss and notify, webauthn:extension:credBlob: true, webauthn:extension:largeBlob: true, webauthn:extension:minPinLength: true, webauthn:extension:prf: true, webauthn:virtualAuthenticators: true}
Element: [[ChromeDriver: chrome on windows (e547f79aa0573b96df839f7c1e5483f0)] -&gt; xpath: //button[contains(@data-ref,&#039;next&#039;)]]
Session ID: e547f79aa0573b96df839f7c1e5483f0" type="org.openqa.selenium.ElementClickInterceptedException">
      <![CDATA[org.openqa.selenium.ElementClickInterceptedException: element click intercepted: Element <button _ngcontent-ng-c1784957809="" ry-button="" color="gradient-yellow" class="passenger-carousel__cta passenger-carousel__cta--next ry-button--gradient-yellow" _nghost-ng-c414200528="" data-ref="seats-action__button-next">...</button> is not clickable at point (1444, 507). Other element would receive the click: <ry-overlay _ngcontent-ng-c866520027="" _nghost-ng-c2471414826=""></ry-overlay>
  (Session info: chrome=117.0.5938.92)
Build info: version: '4.12.1', revision: '8e34639b11'
System info: os.name: 'Windows 10', os.arch: 'amd64', os.version: '10.0', java.version: '20.0.2'
Driver info: org.openqa.selenium.chrome.ChromeDriver
Command: [e547f79aa0573b96df839f7c1e5483f0, clickElement {id=48F06C1A1B291E5BFD8175A8354806C9_element_564}]
Capabilities {acceptInsecureCerts: false, browserName: chrome, browserVersion: 117.0.5938.92, chrome: {chromedriverVersion: 117.0.5938.92 (67649b10b92b..., userDataDir: C:\Users\Elia\AppData\Local...}, fedcm:accounts: true, goog:chromeOptions: {debuggerAddress: localhost:53542}, networkConnectionEnabled: false, pageLoadStrategy: normal, platformName: windows, proxy: Proxy(), se:cdp: ws://localhost:53542/devtoo..., se:cdpVersion: 117.0.5938.92, setWindowRect: true, strictFileInteractability: false, timeouts: {implicit: 0, pageLoad: 300000, script: 30000}, unhandledPromptBehavior: dismiss and notify, webauthn:extension:credBlob: true, webauthn:extension:largeBlob: true, webauthn:extension:minPinLength: true, webauthn:extension:prf: true, webauthn:virtualAuthenticators: true}
Element: [[ChromeDriver: chrome on windows (e547f79aa0573b96df839f7c1e5483f0)] -> xpath: //button[contains(@data-ref,'next')]]
Session ID: e547f79aa0573b96df839f7c1e5483f0
at java.base/jdk.internal.reflect.DirectConstructorHandleAccessor.newInstance(DirectConstructorHandleAccessor.java:67)
at java.base/java.lang.reflect.Constructor.newInstanceWithCaller(Constructor.java:500)
at java.base/java.lang.reflect.Constructor.newInstance(Constructor.java:484)
at org.openqa.selenium.remote.codec.w3c.W3CHttpResponseCodec.createException(W3CHttpResponseCodec.java:200)
at org.openqa.selenium.remote.codec.w3c.W3CHttpResponseCodec.decode(W3CHttpResponseCodec.java:133)
at org.openqa.selenium.remote.codec.w3c.W3CHttpResponseCodec.decode(W3CHttpResponseCodec.java:52)
at org.openqa.selenium.remote.HttpCommandExecutor.execute(HttpCommandExecutor.java:191)
at org.openqa.selenium.remote.service.DriverCommandExecutor.invokeExecute(DriverCommandExecutor.java:196)
at org.openqa.selenium.remote.service.DriverCommandExecutor.execute(DriverCommandExecutor.java:171)
at org.openqa.selenium.remote.RemoteWebDriver.execute(RemoteWebDriver.java:602)
at org.openqa.selenium.remote.RemoteWebElement.execute(RemoteWebElement.java:224)
at org.openqa.selenium.remote.RemoteWebElement.click(RemoteWebElement.java:77)
at java.base/jdk.internal.reflect.DirectMethodHandleAccessor.invoke(DirectMethodHandleAccessor.java:104)
at java.base/java.lang.reflect.Method.invoke(Method.java:578)
at org.openqa.selenium.support.pagefactory.internal.LocatingElementHandler.invoke(LocatingElementHandler.java:51)
at jdk.proxy2/jdk.proxy2.$Proxy25.click(Unknown Source)
at Pages.Seats.clickNextFlight(Seats.java:52)
at StepDefinition.MyStepdefs.clickOnNextFlight(MyStepdefs.java:127)
at âœ½.Click on Next Flight(file:///C:/Users/Elia/Desktop/PruebaTecnica/PruebaTecnica/src/test/java/Features/MyTest.feature:30)
]]>
    </error>
  </testcase> <!-- runScenario -->
</testsuite> <!-- TestRunner.Runner -->
